{"C:\\Group20F25\\front-end-android-app\\src\\screens\\HomeScreen.js": {"path":"C:\\Group20F25\\front-end-android-app\\src\\screens\\HomeScreen.js","statementMap":{"0":{"start":{"line":14,"column":34},"end":{"line":14,"column":46}},"1":{"start":{"line":15,"column":48},"end":{"line":15,"column":63}},"2":{"start":{"line":16,"column":44},"end":{"line":16,"column":55}},"3":{"start":{"line":17,"column":40},"end":{"line":17,"column":51}},"4":{"start":{"line":19,"column":2},"end":{"line":56,"column":9}},"5":{"start":{"line":23,"column":6},"end":{"line":53,"column":7}},"6":{"start":{"line":24,"column":32},"end":{"line":24,"column":62}},"7":{"start":{"line":26,"column":25},"end":{"line":26,"column":57}},"8":{"start":{"line":27,"column":8},"end":{"line":52,"column":9}},"9":{"start":{"line":28,"column":10},"end":{"line":28,"column":31}},"10":{"start":{"line":31,"column":26},"end":{"line":31,"column":57}},"11":{"start":{"line":32,"column":24},"end":{"line":32,"column":48}},"12":{"start":{"line":34,"column":33},"end":{"line":37,"column":11}},"13":{"start":{"line":39,"column":27},"end":{"line":43,"column":11}},"14":{"start":{"line":45,"column":10},"end":{"line":51,"column":11}},"15":{"start":{"line":46,"column":25},"end":{"line":46,"column":46}},"16":{"start":{"line":47,"column":12},"end":{"line":47,"column":56}},"17":{"start":{"line":48,"column":12},"end":{"line":48,"column":44}},"18":{"start":{"line":50,"column":12},"end":{"line":50,"column":61}},"19":{"start":{"line":55,"column":4},"end":{"line":55,"column":20}},"20":{"start":{"line":59,"column":27},"end":{"line":61,"column":3}},"21":{"start":{"line":60,"column":4},"end":{"line":60,"column":35}},"22":{"start":{"line":63,"column":28},"end":{"line":70,"column":3}},"23":{"start":{"line":65,"column":6},"end":{"line":65,"column":62}},"24":{"start":{"line":66,"column":6},"end":{"line":66,"column":58}},"25":{"start":{"line":68,"column":4},"end":{"line":68,"column":19}},"26":{"start":{"line":69,"column":4},"end":{"line":69,"column":28}},"27":{"start":{"line":72,"column":22},"end":{"line":74,"column":3}},"28":{"start":{"line":73,"column":4},"end":{"line":73,"column":45}},"29":{"start":{"line":76,"column":21},"end":{"line":80,"column":3}},"30":{"start":{"line":77,"column":4},"end":{"line":77,"column":28}},"31":{"start":{"line":78,"column":4},"end":{"line":78,"column":23}},"32":{"start":{"line":79,"column":4},"end":{"line":79,"column":21}},"33":{"start":{"line":81,"column":20},"end":{"line":109,"column":3}},"34":{"start":{"line":82,"column":4},"end":{"line":108,"column":6}},"35":{"start":{"line":88,"column":25},"end":{"line":88,"column":55}},"36":{"start":{"line":94,"column":28},"end":{"line":94,"column":59}},"37":{"start":{"line":95,"column":26},"end":{"line":95,"column":50}},"38":{"start":{"line":97,"column":35},"end":{"line":100,"column":13}},"39":{"start":{"line":102,"column":12},"end":{"line":102,"column":91}},"40":{"start":{"line":103,"column":12},"end":{"line":103,"column":47}},"41":{"start":{"line":112,"column":0},"end":{"line":261,"column":2}},"42":{"start":{"line":141,"column":28},"end":{"line":141,"column":53}},"43":{"start":{"line":163,"column":27},"end":{"line":163,"column":40}},"44":{"start":{"line":175,"column":27},"end":{"line":175,"column":39}},"45":{"start":{"line":187,"column":27},"end":{"line":187,"column":52}},"46":{"start":{"line":199,"column":33},"end":{"line":199,"column":50}},"47":{"start":{"line":253,"column":21},"end":{"line":253,"column":55}}},"fnMap":{"0":{"name":"HomeScreen","decl":{"start":{"line":13,"column":9},"end":{"line":13,"column":19}},"loc":{"start":{"line":13,"column":36},"end":{"line":262,"column":1}},"line":13},"1":{"name":"(anonymous_1)","decl":{"start":{"line":19,"column":12},"end":{"line":19,"column":13}},"loc":{"start":{"line":19,"column":18},"end":{"line":56,"column":3}},"line":19},"2":{"name":"fetchUsername","decl":{"start":{"line":21,"column":19},"end":{"line":21,"column":32}},"loc":{"start":{"line":21,"column":35},"end":{"line":54,"column":5}},"line":21},"3":{"name":"(anonymous_3)","decl":{"start":{"line":59,"column":27},"end":{"line":59,"column":28}},"loc":{"start":{"line":59,"column":33},"end":{"line":61,"column":3}},"line":59},"4":{"name":"(anonymous_4)","decl":{"start":{"line":63,"column":28},"end":{"line":63,"column":29}},"loc":{"start":{"line":63,"column":34},"end":{"line":70,"column":3}},"line":63},"5":{"name":"getUsageStats","decl":{"start":{"line":64,"column":19},"end":{"line":64,"column":32}},"loc":{"start":{"line":64,"column":35},"end":{"line":67,"column":5}},"line":64},"6":{"name":"(anonymous_6)","decl":{"start":{"line":72,"column":22},"end":{"line":72,"column":23}},"loc":{"start":{"line":72,"column":34},"end":{"line":74,"column":3}},"line":72},"7":{"name":"(anonymous_7)","decl":{"start":{"line":76,"column":21},"end":{"line":76,"column":22}},"loc":{"start":{"line":76,"column":27},"end":{"line":80,"column":3}},"line":76},"8":{"name":"(anonymous_8)","decl":{"start":{"line":81,"column":20},"end":{"line":81,"column":21}},"loc":{"start":{"line":81,"column":32},"end":{"line":109,"column":3}},"line":81},"9":{"name":"(anonymous_9)","decl":{"start":{"line":88,"column":19},"end":{"line":88,"column":20}},"loc":{"start":{"line":88,"column":25},"end":{"line":88,"column":55}},"line":88},"10":{"name":"(anonymous_10)","decl":{"start":{"line":93,"column":19},"end":{"line":93,"column":20}},"loc":{"start":{"line":93,"column":31},"end":{"line":104,"column":11}},"line":93},"11":{"name":"(anonymous_11)","decl":{"start":{"line":141,"column":22},"end":{"line":141,"column":23}},"loc":{"start":{"line":141,"column":28},"end":{"line":141,"column":53}},"line":141},"12":{"name":"(anonymous_12)","decl":{"start":{"line":163,"column":21},"end":{"line":163,"column":22}},"loc":{"start":{"line":163,"column":27},"end":{"line":163,"column":40}},"line":163},"13":{"name":"(anonymous_13)","decl":{"start":{"line":175,"column":21},"end":{"line":175,"column":22}},"loc":{"start":{"line":175,"column":27},"end":{"line":175,"column":39}},"line":175},"14":{"name":"(anonymous_14)","decl":{"start":{"line":187,"column":21},"end":{"line":187,"column":22}},"loc":{"start":{"line":187,"column":27},"end":{"line":187,"column":52}},"line":187},"15":{"name":"(anonymous_15)","decl":{"start":{"line":199,"column":21},"end":{"line":199,"column":22}},"loc":{"start":{"line":199,"column":33},"end":{"line":199,"column":50}},"line":199},"16":{"name":"(anonymous_16)","decl":{"start":{"line":253,"column":15},"end":{"line":253,"column":16}},"loc":{"start":{"line":253,"column":21},"end":{"line":253,"column":55}},"line":253}},"branchMap":{"0":{"loc":{"start":{"line":23,"column":6},"end":{"line":53,"column":7}},"type":"if","locations":[{"start":{"line":23,"column":6},"end":{"line":53,"column":7}},{"start":{},"end":{}}],"line":23},"1":{"loc":{"start":{"line":27,"column":8},"end":{"line":52,"column":9}},"type":"if","locations":[{"start":{"line":27,"column":8},"end":{"line":52,"column":9}},{"start":{"line":29,"column":15},"end":{"line":52,"column":9}}],"line":27},"2":{"loc":{"start":{"line":45,"column":10},"end":{"line":51,"column":11}},"type":"if","locations":[{"start":{"line":45,"column":10},"end":{"line":51,"column":11}},{"start":{"line":49,"column":17},"end":{"line":51,"column":11}}],"line":45},"3":{"loc":{"start":{"line":133,"column":49},"end":{"line":133,"column":76}},"type":"binary-expr","locations":[{"start":{"line":133,"column":49},"end":{"line":133,"column":63}},{"start":{"line":133,"column":67},"end":{"line":133,"column":76}}],"line":133},"4":{"loc":{"start":{"line":166,"column":33},"end":{"line":166,"column":60}},"type":"binary-expr","locations":[{"start":{"line":166,"column":33},"end":{"line":166,"column":47}},{"start":{"line":166,"column":51},"end":{"line":166,"column":60}}],"line":166},"5":{"loc":{"start":{"line":178,"column":33},"end":{"line":178,"column":60}},"type":"binary-expr","locations":[{"start":{"line":178,"column":33},"end":{"line":178,"column":47}},{"start":{"line":178,"column":51},"end":{"line":178,"column":60}}],"line":178},"6":{"loc":{"start":{"line":190,"column":33},"end":{"line":190,"column":60}},"type":"binary-expr","locations":[{"start":{"line":190,"column":33},"end":{"line":190,"column":47}},{"start":{"line":190,"column":51},"end":{"line":190,"column":60}}],"line":190},"7":{"loc":{"start":{"line":232,"column":7},"end":{"line":232,"column":29}},"type":"binary-expr","locations":[{"start":{"line":232,"column":7},"end":{"line":232,"column":15}},{"start":{"line":232,"column":19},"end":{"line":232,"column":29}}],"line":232},"8":{"loc":{"start":{"line":240,"column":27},"end":{"line":240,"column":54}},"type":"binary-expr","locations":[{"start":{"line":240,"column":27},"end":{"line":240,"column":41}},{"start":{"line":240,"column":45},"end":{"line":240,"column":54}}],"line":240},"9":{"loc":{"start":{"line":251,"column":27},"end":{"line":251,"column":54}},"type":"binary-expr","locations":[{"start":{"line":251,"column":27},"end":{"line":251,"column":41}},{"start":{"line":251,"column":45},"end":{"line":251,"column":54}}],"line":251}},"s":{"0":12,"1":12,"2":12,"3":12,"4":12,"5":7,"6":7,"7":7,"8":7,"9":5,"10":2,"11":2,"12":2,"13":2,"14":2,"15":0,"16":0,"17":0,"18":2,"19":7,"20":12,"21":1,"22":12,"23":0,"24":0,"25":0,"26":0,"27":12,"28":0,"29":12,"30":0,"31":0,"32":0,"33":12,"34":0,"35":0,"36":0,"37":0,"38":0,"39":0,"40":0,"41":12,"42":0,"43":0,"44":0,"45":0,"46":0,"47":0},"f":{"0":12,"1":7,"2":7,"3":1,"4":0,"5":0,"6":0,"7":0,"8":0,"9":0,"10":0,"11":0,"12":0,"13":0,"14":0,"15":0,"16":0},"b":{"0":[7,0],"1":[5,2],"2":[0,2],"3":[12,2],"4":[12,2],"5":[12,2],"6":[12,2],"7":[12,10],"8":[12,2],"9":[12,2]},"_coverageSchema":"1a1c01bbd47fc00a2c39e90264f33305004495a9","hash":"8d3937f375034889f9008a18e501c6f8d27eeaab"}
,"C:\\Group20F25\\front-end-android-app\\src\\screens\\SignInScreen.js": {"path":"C:\\Group20F25\\front-end-android-app\\src\\screens\\SignInScreen.js","statementMap":{"0":{"start":{"line":21,"column":34},"end":{"line":21,"column":46}},"1":{"start":{"line":22,"column":34},"end":{"line":22,"column":46}},"2":{"start":{"line":23,"column":30},"end":{"line":23,"column":42}},"3":{"start":{"line":24,"column":21},"end":{"line":24,"column":52}},"4":{"start":{"line":25,"column":36},"end":{"line":25,"column":51}},"5":{"start":{"line":27,"column":2},"end":{"line":33,"column":9}},"6":{"start":{"line":28,"column":4},"end":{"line":32,"column":15}},"7":{"start":{"line":36,"column":19},"end":{"line":50,"column":3}},"8":{"start":{"line":37,"column":20},"end":{"line":37,"column":22}},"9":{"start":{"line":38,"column":4},"end":{"line":42,"column":5}},"10":{"start":{"line":39,"column":6},"end":{"line":39,"column":51}},"11":{"start":{"line":40,"column":11},"end":{"line":42,"column":5}},"12":{"start":{"line":41,"column":6},"end":{"line":41,"column":73}},"13":{"start":{"line":43,"column":4},"end":{"line":47,"column":5}},"14":{"start":{"line":44,"column":6},"end":{"line":44,"column":51}},"15":{"start":{"line":45,"column":11},"end":{"line":47,"column":5}},"16":{"start":{"line":46,"column":6},"end":{"line":46,"column":69}},"17":{"start":{"line":48,"column":4},"end":{"line":48,"column":25}},"18":{"start":{"line":49,"column":4},"end":{"line":49,"column":47}},"19":{"start":{"line":52,"column":22},"end":{"line":89,"column":3}},"20":{"start":{"line":53,"column":4},"end":{"line":55,"column":5}},"21":{"start":{"line":54,"column":6},"end":{"line":54,"column":13}},"22":{"start":{"line":57,"column":4},"end":{"line":57,"column":22}},"23":{"start":{"line":59,"column":4},"end":{"line":88,"column":5}},"24":{"start":{"line":60,"column":27},"end":{"line":60,"column":60}},"25":{"start":{"line":61,"column":26},"end":{"line":64,"column":7}},"26":{"start":{"line":65,"column":29},"end":{"line":65,"column":65}},"27":{"start":{"line":66,"column":23},"end":{"line":70,"column":20}},"28":{"start":{"line":72,"column":19},"end":{"line":72,"column":58}},"29":{"start":{"line":72,"column":54},"end":{"line":72,"column":56}},"30":{"start":{"line":75,"column":6},"end":{"line":82,"column":7}},"31":{"start":{"line":76,"column":24},"end":{"line":76,"column":55}},"32":{"start":{"line":77,"column":8},"end":{"line":77,"column":43}},"33":{"start":{"line":78,"column":8},"end":{"line":78,"column":79}},"34":{"start":{"line":79,"column":8},"end":{"line":79,"column":35}},"35":{"start":{"line":81,"column":8},"end":{"line":81,"column":84}},"36":{"start":{"line":84,"column":6},"end":{"line":84,"column":58}},"37":{"start":{"line":85,"column":6},"end":{"line":85,"column":44}},"38":{"start":{"line":87,"column":6},"end":{"line":87,"column":25}},"39":{"start":{"line":91,"column":21},"end":{"line":93,"column":3}},"40":{"start":{"line":92,"column":4},"end":{"line":92,"column":73}},"41":{"start":{"line":92,"column":43},"end":{"line":92,"column":73}},"42":{"start":{"line":95,"column":2},"end":{"line":148,"column":4}},"43":{"start":{"line":107,"column":32},"end":{"line":107,"column":72}},"44":{"start":{"line":121,"column":32},"end":{"line":121,"column":72}}},"fnMap":{"0":{"name":"SignInScreen","decl":{"start":{"line":20,"column":24},"end":{"line":20,"column":36}},"loc":{"start":{"line":20,"column":53},"end":{"line":149,"column":1}},"line":20},"1":{"name":"(anonymous_1)","decl":{"start":{"line":27,"column":12},"end":{"line":27,"column":13}},"loc":{"start":{"line":27,"column":18},"end":{"line":33,"column":3}},"line":27},"2":{"name":"(anonymous_2)","decl":{"start":{"line":36,"column":19},"end":{"line":36,"column":20}},"loc":{"start":{"line":36,"column":43},"end":{"line":50,"column":3}},"line":36},"3":{"name":"(anonymous_3)","decl":{"start":{"line":52,"column":22},"end":{"line":52,"column":23}},"loc":{"start":{"line":52,"column":34},"end":{"line":89,"column":3}},"line":52},"4":{"name":"(anonymous_4)","decl":{"start":{"line":72,"column":47},"end":{"line":72,"column":48}},"loc":{"start":{"line":72,"column":54},"end":{"line":72,"column":56}},"line":72},"5":{"name":"(anonymous_5)","decl":{"start":{"line":91,"column":21},"end":{"line":91,"column":22}},"loc":{"start":{"line":91,"column":27},"end":{"line":93,"column":3}},"line":91},"6":{"name":"(anonymous_6)","decl":{"start":{"line":107,"column":22},"end":{"line":107,"column":23}},"loc":{"start":{"line":107,"column":32},"end":{"line":107,"column":72}},"line":107},"7":{"name":"(anonymous_7)","decl":{"start":{"line":121,"column":22},"end":{"line":121,"column":23}},"loc":{"start":{"line":121,"column":32},"end":{"line":121,"column":72}},"line":121}},"branchMap":{"0":{"loc":{"start":{"line":38,"column":4},"end":{"line":42,"column":5}},"type":"if","locations":[{"start":{"line":38,"column":4},"end":{"line":42,"column":5}},{"start":{"line":40,"column":11},"end":{"line":42,"column":5}}],"line":38},"1":{"loc":{"start":{"line":40,"column":11},"end":{"line":42,"column":5}},"type":"if","locations":[{"start":{"line":40,"column":11},"end":{"line":42,"column":5}},{"start":{},"end":{}}],"line":40},"2":{"loc":{"start":{"line":43,"column":4},"end":{"line":47,"column":5}},"type":"if","locations":[{"start":{"line":43,"column":4},"end":{"line":47,"column":5}},{"start":{"line":45,"column":11},"end":{"line":47,"column":5}}],"line":43},"3":{"loc":{"start":{"line":45,"column":11},"end":{"line":47,"column":5}},"type":"if","locations":[{"start":{"line":45,"column":11},"end":{"line":47,"column":5}},{"start":{},"end":{}}],"line":45},"4":{"loc":{"start":{"line":53,"column":4},"end":{"line":55,"column":5}},"type":"if","locations":[{"start":{"line":53,"column":4},"end":{"line":55,"column":5}},{"start":{},"end":{}}],"line":53},"5":{"loc":{"start":{"line":75,"column":6},"end":{"line":82,"column":7}},"type":"if","locations":[{"start":{"line":75,"column":6},"end":{"line":82,"column":7}},{"start":{"line":80,"column":13},"end":{"line":82,"column":7}}],"line":75},"6":{"loc":{"start":{"line":75,"column":10},"end":{"line":75,"column":35}},"type":"binary-expr","locations":[{"start":{"line":75,"column":10},"end":{"line":75,"column":21}},{"start":{"line":75,"column":25},"end":{"line":75,"column":35}}],"line":75},"7":{"loc":{"start":{"line":78,"column":40},"end":{"line":78,"column":77}},"type":"binary-expr","locations":[{"start":{"line":78,"column":40},"end":{"line":78,"column":52}},{"start":{"line":78,"column":56},"end":{"line":78,"column":77}}],"line":78},"8":{"loc":{"start":{"line":81,"column":36},"end":{"line":81,"column":82}},"type":"binary-expr","locations":[{"start":{"line":81,"column":36},"end":{"line":81,"column":48}},{"start":{"line":81,"column":52},"end":{"line":81,"column":82}}],"line":81},"9":{"loc":{"start":{"line":92,"column":4},"end":{"line":92,"column":73}},"type":"if","locations":[{"start":{"line":92,"column":4},"end":{"line":92,"column":73}},{"start":{},"end":{}}],"line":92},"10":{"loc":{"start":{"line":92,"column":8},"end":{"line":92,"column":41}},"type":"binary-expr","locations":[{"start":{"line":92,"column":8},"end":{"line":92,"column":18}},{"start":{"line":92,"column":22},"end":{"line":92,"column":41}}],"line":92},"11":{"loc":{"start":{"line":109,"column":8},"end":{"line":109,"column":56}},"type":"binary-expr","locations":[{"start":{"line":109,"column":8},"end":{"line":109,"column":23}},{"start":{"line":109,"column":27},"end":{"line":109,"column":56}}],"line":109},"12":{"loc":{"start":{"line":114,"column":7},"end":{"line":116,"column":7}},"type":"binary-expr","locations":[{"start":{"line":114,"column":7},"end":{"line":114,"column":22}},{"start":{"line":115,"column":8},"end":{"line":115,"column":70}}],"line":114},"13":{"loc":{"start":{"line":126,"column":7},"end":{"line":128,"column":7}},"type":"binary-expr","locations":[{"start":{"line":126,"column":7},"end":{"line":126,"column":22}},{"start":{"line":127,"column":8},"end":{"line":127,"column":70}}],"line":126},"14":{"loc":{"start":{"line":136,"column":9},"end":{"line":140,"column":9}},"type":"cond-expr","locations":[{"start":{"line":137,"column":10},"end":{"line":137,"column":65}},{"start":{"line":139,"column":10},"end":{"line":139,"column":61}}],"line":136}},"s":{"0":36,"1":36,"2":36,"3":36,"4":36,"5":36,"6":12,"7":36,"8":7,"9":7,"10":1,"11":6,"12":1,"13":7,"14":1,"15":6,"16":1,"17":7,"18":7,"19":36,"20":7,"21":3,"22":4,"23":4,"24":4,"25":4,"26":4,"27":4,"28":4,"29":0,"30":3,"31":2,"32":2,"33":2,"34":2,"35":1,"36":3,"37":3,"38":4,"39":36,"40":2,"41":1,"42":36,"43":7,"44":6},"f":{"0":36,"1":12,"2":7,"3":7,"4":0,"5":2,"6":7,"7":6},"b":{"0":[1,6],"1":[1,5],"2":[1,6],"3":[1,5],"4":[3,4],"5":[2,1],"6":[3,2],"7":[2,1],"8":[1,0],"9":[1,1],"10":[2,2],"11":[36,2],"12":[36,2],"13":[36,2],"14":[4,32]},"_coverageSchema":"1a1c01bbd47fc00a2c39e90264f33305004495a9","hash":"d72a7589c58147f855a3f08d890408969c8ae40d"}
,"C:\\Group20F25\\front-end-android-app\\src\\screens\\globalScoreScreen.js": {"path":"C:\\Group20F25\\front-end-android-app\\src\\screens\\globalScoreScreen.js","statementMap":{"0":{"start":{"line":9,"column":32},"end":{"line":9,"column":46}},"1":{"start":{"line":10,"column":36},"end":{"line":10,"column":47}},"2":{"start":{"line":11,"column":50},"end":{"line":11,"column":61}},"3":{"start":{"line":12,"column":36},"end":{"line":12,"column":47}},"4":{"start":{"line":13,"column":40},"end":{"line":13,"column":51}},"5":{"start":{"line":14,"column":50},"end":{"line":14,"column":62}},"6":{"start":{"line":16,"column":2},"end":{"line":59,"column":9}},"7":{"start":{"line":17,"column":24},"end":{"line":56,"column":5}},"8":{"start":{"line":18,"column":6},"end":{"line":55,"column":7}},"9":{"start":{"line":19,"column":24},"end":{"line":19,"column":55}},"10":{"start":{"line":20,"column":22},"end":{"line":20,"column":46}},"11":{"start":{"line":21,"column":23},"end":{"line":24,"column":9}},"12":{"start":{"line":26,"column":25},"end":{"line":30,"column":9}},"13":{"start":{"line":32,"column":8},"end":{"line":50,"column":9}},"14":{"start":{"line":33,"column":23},"end":{"line":33,"column":44}},"15":{"start":{"line":34,"column":27},"end":{"line":34,"column":36}},"16":{"start":{"line":35,"column":10},"end":{"line":35,"column":44}},"17":{"start":{"line":36,"column":10},"end":{"line":36,"column":48}},"18":{"start":{"line":38,"column":31},"end":{"line":42,"column":11}},"19":{"start":{"line":44,"column":10},"end":{"line":47,"column":11}},"20":{"start":{"line":45,"column":29},"end":{"line":45,"column":54}},"21":{"start":{"line":46,"column":12},"end":{"line":46,"column":69}},"22":{"start":{"line":49,"column":10},"end":{"line":49,"column":65}},"23":{"start":{"line":52,"column":8},"end":{"line":52,"column":52}},"24":{"start":{"line":54,"column":8},"end":{"line":54,"column":26}},"25":{"start":{"line":58,"column":4},"end":{"line":58,"column":18}},"26":{"start":{"line":61,"column":2},"end":{"line":93,"column":20}},"27":{"start":{"line":62,"column":25},"end":{"line":90,"column":5}},"28":{"start":{"line":63,"column":6},"end":{"line":89,"column":7}},"29":{"start":{"line":64,"column":24},"end":{"line":64,"column":55}},"30":{"start":{"line":65,"column":22},"end":{"line":65,"column":46}},"31":{"start":{"line":66,"column":23},"end":{"line":69,"column":9}},"32":{"start":{"line":71,"column":21},"end":{"line":73,"column":9}},"33":{"start":{"line":75,"column":25},"end":{"line":80,"column":9}},"34":{"start":{"line":81,"column":8},"end":{"line":86,"column":9}},"35":{"start":{"line":82,"column":23},"end":{"line":82,"column":44}},"36":{"start":{"line":83,"column":10},"end":{"line":83,"column":47}},"37":{"start":{"line":84,"column":15},"end":{"line":86,"column":9}},"38":{"start":{"line":85,"column":10},"end":{"line":85,"column":31}},"39":{"start":{"line":88,"column":8},"end":{"line":88,"column":23}},"40":{"start":{"line":92,"column":4},"end":{"line":92,"column":19}},"41":{"start":{"line":95,"column":28},"end":{"line":99,"column":3}},"42":{"start":{"line":96,"column":4},"end":{"line":96,"column":47}},"43":{"start":{"line":96,"column":40},"end":{"line":96,"column":47}},"44":{"start":{"line":97,"column":4},"end":{"line":97,"column":47}},"45":{"start":{"line":98,"column":4},"end":{"line":98,"column":28}},"46":{"start":{"line":101,"column":19},"end":{"line":101,"column":52}},"47":{"start":{"line":101,"column":25},"end":{"line":101,"column":52}},"48":{"start":{"line":103,"column":2},"end":{"line":110,"column":3}},"49":{"start":{"line":104,"column":4},"end":{"line":109,"column":6}},"50":{"start":{"line":112,"column":2},"end":{"line":169,"column":4}},"51":{"start":{"line":130,"column":43},"end":{"line":130,"column":59}},"52":{"start":{"line":132,"column":14},"end":{"line":139,"column":21}},"53":{"start":{"line":147,"column":27},"end":{"line":147,"column":48}},"54":{"start":{"line":153,"column":27},"end":{"line":153,"column":47}}},"fnMap":{"0":{"name":"GlobalScoreScreen","decl":{"start":{"line":8,"column":9},"end":{"line":8,"column":26}},"loc":{"start":{"line":8,"column":43},"end":{"line":170,"column":1}},"line":8},"1":{"name":"(anonymous_1)","decl":{"start":{"line":16,"column":12},"end":{"line":16,"column":13}},"loc":{"start":{"line":16,"column":18},"end":{"line":59,"column":3}},"line":16},"2":{"name":"(anonymous_2)","decl":{"start":{"line":17,"column":24},"end":{"line":17,"column":25}},"loc":{"start":{"line":17,"column":36},"end":{"line":56,"column":5}},"line":17},"3":{"name":"(anonymous_3)","decl":{"start":{"line":61,"column":12},"end":{"line":61,"column":13}},"loc":{"start":{"line":61,"column":18},"end":{"line":93,"column":3}},"line":61},"4":{"name":"(anonymous_4)","decl":{"start":{"line":62,"column":25},"end":{"line":62,"column":26}},"loc":{"start":{"line":62,"column":37},"end":{"line":90,"column":5}},"line":62},"5":{"name":"(anonymous_5)","decl":{"start":{"line":95,"column":28},"end":{"line":95,"column":29}},"loc":{"start":{"line":95,"column":46},"end":{"line":99,"column":3}},"line":95},"6":{"name":"(anonymous_6)","decl":{"start":{"line":101,"column":19},"end":{"line":101,"column":20}},"loc":{"start":{"line":101,"column":25},"end":{"line":101,"column":52}},"line":101},"7":{"name":"(anonymous_7)","decl":{"start":{"line":130,"column":26},"end":{"line":130,"column":27}},"loc":{"start":{"line":130,"column":43},"end":{"line":130,"column":59}},"line":130},"8":{"name":"(anonymous_8)","decl":{"start":{"line":131,"column":24},"end":{"line":131,"column":25}},"loc":{"start":{"line":132,"column":14},"end":{"line":139,"column":21}},"line":132},"9":{"name":"(anonymous_9)","decl":{"start":{"line":147,"column":21},"end":{"line":147,"column":22}},"loc":{"start":{"line":147,"column":27},"end":{"line":147,"column":48}},"line":147},"10":{"name":"(anonymous_10)","decl":{"start":{"line":153,"column":21},"end":{"line":153,"column":22}},"loc":{"start":{"line":153,"column":27},"end":{"line":153,"column":47}},"line":153}},"branchMap":{"0":{"loc":{"start":{"line":32,"column":8},"end":{"line":50,"column":9}},"type":"if","locations":[{"start":{"line":32,"column":8},"end":{"line":50,"column":9}},{"start":{"line":48,"column":15},"end":{"line":50,"column":9}}],"line":32},"1":{"loc":{"start":{"line":35,"column":23},"end":{"line":35,"column":42}},"type":"binary-expr","locations":[{"start":{"line":35,"column":23},"end":{"line":35,"column":37}},{"start":{"line":35,"column":41},"end":{"line":35,"column":42}}],"line":35},"2":{"loc":{"start":{"line":36,"column":23},"end":{"line":36,"column":46}},"type":"binary-expr","locations":[{"start":{"line":36,"column":23},"end":{"line":36,"column":41}},{"start":{"line":36,"column":45},"end":{"line":36,"column":46}}],"line":36},"3":{"loc":{"start":{"line":44,"column":10},"end":{"line":47,"column":11}},"type":"if","locations":[{"start":{"line":44,"column":10},"end":{"line":47,"column":11}},{"start":{},"end":{}}],"line":44},"4":{"loc":{"start":{"line":46,"column":32},"end":{"line":46,"column":67}},"type":"binary-expr","locations":[{"start":{"line":46,"column":32},"end":{"line":46,"column":62}},{"start":{"line":46,"column":66},"end":{"line":46,"column":67}}],"line":46},"5":{"loc":{"start":{"line":81,"column":8},"end":{"line":86,"column":9}},"type":"if","locations":[{"start":{"line":81,"column":8},"end":{"line":86,"column":9}},{"start":{"line":84,"column":15},"end":{"line":86,"column":9}}],"line":81},"6":{"loc":{"start":{"line":83,"column":30},"end":{"line":83,"column":45}},"type":"binary-expr","locations":[{"start":{"line":83,"column":30},"end":{"line":83,"column":39}},{"start":{"line":83,"column":43},"end":{"line":83,"column":45}}],"line":83},"7":{"loc":{"start":{"line":84,"column":15},"end":{"line":86,"column":9}},"type":"if","locations":[{"start":{"line":84,"column":15},"end":{"line":86,"column":9}},{"start":{},"end":{}}],"line":84},"8":{"loc":{"start":{"line":96,"column":4},"end":{"line":96,"column":47}},"type":"if","locations":[{"start":{"line":96,"column":4},"end":{"line":96,"column":47}},{"start":{},"end":{}}],"line":96},"9":{"loc":{"start":{"line":103,"column":2},"end":{"line":110,"column":3}},"type":"if","locations":[{"start":{"line":103,"column":2},"end":{"line":110,"column":3}},{"start":{},"end":{}}],"line":103},"10":{"loc":{"start":{"line":125,"column":9},"end":{"line":142,"column":9}},"type":"cond-expr","locations":[{"start":{"line":126,"column":10},"end":{"line":126,"column":85}},{"start":{"line":128,"column":10},"end":{"line":141,"column":12}}],"line":125}},"s":{"0":0,"1":0,"2":0,"3":0,"4":0,"5":0,"6":0,"7":0,"8":0,"9":0,"10":0,"11":0,"12":0,"13":0,"14":0,"15":0,"16":0,"17":0,"18":0,"19":0,"20":0,"21":0,"22":0,"23":0,"24":0,"25":0,"26":0,"27":0,"28":0,"29":0,"30":0,"31":0,"32":0,"33":0,"34":0,"35":0,"36":0,"37":0,"38":0,"39":0,"40":0,"41":0,"42":0,"43":0,"44":0,"45":0,"46":0,"47":0,"48":0,"49":0,"50":0,"51":0,"52":0,"53":0,"54":0},"f":{"0":0,"1":0,"2":0,"3":0,"4":0,"5":0,"6":0,"7":0,"8":0,"9":0,"10":0},"b":{"0":[0,0],"1":[0,0],"2":[0,0],"3":[0,0],"4":[0,0],"5":[0,0],"6":[0,0],"7":[0,0],"8":[0,0],"9":[0,0],"10":[0,0]},"_coverageSchema":"1a1c01bbd47fc00a2c39e90264f33305004495a9","hash":"b088c39cdc6a33635296077b5dc21f625971ae56"}
,"C:\\Group20F25\\front-end-android-app\\src\\styles\\GlobalStyles.js": {"path":"C:\\Group20F25\\front-end-android-app\\src\\styles\\GlobalStyles.js","statementMap":{"0":{"start":{"line":4,"column":22},"end":{"line":11,"column":1}},"1":{"start":{"line":13,"column":21},"end":{"line":18,"column":1}},"2":{"start":{"line":20,"column":29},"end":{"line":110,"column":2}}},"fnMap":{},"branchMap":{},"s":{"0":3,"1":3,"2":3},"f":{},"b":{},"_coverageSchema":"1a1c01bbd47fc00a2c39e90264f33305004495a9","hash":"c2291e31c4540c9ab736b861f65082fc241de098"}
,"C:\\Group20F25\\front-end-android-app\\src\\utils\\JourneyDataUploader.js": {"path":"C:\\Group20F25\\front-end-android-app\\src\\utils\\JourneyDataUploader.js","statementMap":{"0":{"start":{"line":6,"column":2},"end":{"line":58,"column":3}},"1":{"start":{"line":7,"column":20},"end":{"line":7,"column":51}},"2":{"start":{"line":8,"column":18},"end":{"line":8,"column":42}},"3":{"start":{"line":10,"column":4},"end":{"line":13,"column":5}},"4":{"start":{"line":11,"column":6},"end":{"line":11,"column":61}},"5":{"start":{"line":12,"column":6},"end":{"line":12,"column":19}},"6":{"start":{"line":16,"column":24},"end":{"line":21,"column":5}},"7":{"start":{"line":22,"column":27},"end":{"line":25,"column":5}},"8":{"start":{"line":27,"column":4},"end":{"line":27,"column":56}},"9":{"start":{"line":30,"column":21},"end":{"line":35,"column":5}},"10":{"start":{"line":38,"column":20},"end":{"line":38,"column":41}},"11":{"start":{"line":39,"column":4},"end":{"line":39,"column":53}},"12":{"start":{"line":42,"column":4},"end":{"line":46,"column":5}},"13":{"start":{"line":43,"column":6},"end":{"line":43,"column":33}},"14":{"start":{"line":45,"column":6},"end":{"line":45,"column":18}},"15":{"start":{"line":48,"column":4},"end":{"line":54,"column":5}},"16":{"start":{"line":49,"column":6},"end":{"line":49,"column":86}},"17":{"start":{"line":50,"column":6},"end":{"line":50,"column":18}},"18":{"start":{"line":52,"column":6},"end":{"line":52,"column":55}},"19":{"start":{"line":53,"column":6},"end":{"line":53,"column":19}},"20":{"start":{"line":56,"column":4},"end":{"line":56,"column":55}},"21":{"start":{"line":57,"column":4},"end":{"line":57,"column":17}}},"fnMap":{"0":{"name":"uploadDriverScore","decl":{"start":{"line":5,"column":22},"end":{"line":5,"column":39}},"loc":{"start":{"line":5,"column":53},"end":{"line":59,"column":1}},"line":5}},"branchMap":{"0":{"loc":{"start":{"line":10,"column":4},"end":{"line":13,"column":5}},"type":"if","locations":[{"start":{"line":10,"column":4},"end":{"line":13,"column":5}},{"start":{},"end":{}}],"line":10},"1":{"loc":{"start":{"line":48,"column":4},"end":{"line":54,"column":5}},"type":"if","locations":[{"start":{"line":48,"column":4},"end":{"line":54,"column":5}},{"start":{"line":51,"column":11},"end":{"line":54,"column":5}}],"line":48},"2":{"loc":{"start":{"line":49,"column":57},"end":{"line":49,"column":84}},"type":"binary-expr","locations":[{"start":{"line":49,"column":57},"end":{"line":49,"column":61}},{"start":{"line":49,"column":65},"end":{"line":49,"column":84}}],"line":49},"3":{"loc":{"start":{"line":52,"column":38},"end":{"line":52,"column":53}},"type":"binary-expr","locations":[{"start":{"line":52,"column":38},"end":{"line":52,"column":42}},{"start":{"line":52,"column":46},"end":{"line":52,"column":53}}],"line":52}},"s":{"0":5,"1":5,"2":5,"3":5,"4":1,"5":1,"6":4,"7":4,"8":4,"9":4,"10":4,"11":0,"12":0,"13":0,"14":0,"15":0,"16":0,"17":0,"18":0,"19":0,"20":4,"21":4},"f":{"0":5},"b":{"0":[1,4],"1":[0,0],"2":[0,0],"3":[0,0]},"_coverageSchema":"1a1c01bbd47fc00a2c39e90264f33305004495a9","hash":"ce69be0cdc0576e989af513e52374c708a5eb127"}
,"C:\\Group20F25\\front-end-android-app\\src\\utils\\LoadingClass.js": {"path":"C:\\Group20F25\\front-end-android-app\\src\\utils\\LoadingClass.js","statementMap":{"0":{"start":{"line":12,"column":4},"end":{"line":12,"column":33}},"1":{"start":{"line":15,"column":4},"end":{"line":47,"column":5}},"2":{"start":{"line":16,"column":22},"end":{"line":16,"column":53}},"3":{"start":{"line":17,"column":20},"end":{"line":17,"column":44}},"4":{"start":{"line":19,"column":6},"end":{"line":23,"column":7}},"5":{"start":{"line":20,"column":8},"end":{"line":20,"column":62}},"6":{"start":{"line":21,"column":8},"end":{"line":21,"column":54}},"7":{"start":{"line":22,"column":8},"end":{"line":22,"column":21}},"8":{"start":{"line":24,"column":29},"end":{"line":27,"column":7}},"9":{"start":{"line":28,"column":23},"end":{"line":32,"column":7}},"10":{"start":{"line":34,"column":6},"end":{"line":41,"column":7}},"11":{"start":{"line":35,"column":8},"end":{"line":35,"column":38}},"12":{"start":{"line":36,"column":8},"end":{"line":36,"column":20}},"13":{"start":{"line":38,"column":8},"end":{"line":38,"column":48}},"14":{"start":{"line":39,"column":8},"end":{"line":39,"column":54}},"15":{"start":{"line":40,"column":8},"end":{"line":40,"column":21}},"16":{"start":{"line":43,"column":6},"end":{"line":43,"column":51}},"17":{"start":{"line":44,"column":6},"end":{"line":44,"column":62}},"18":{"start":{"line":45,"column":6},"end":{"line":45,"column":52}},"19":{"start":{"line":46,"column":6},"end":{"line":46,"column":19}},"20":{"start":{"line":51,"column":2},"end":{"line":78,"column":4}},"21":{"start":{"line":52,"column":34},"end":{"line":52,"column":48}},"22":{"start":{"line":53,"column":17},"end":{"line":53,"column":57}},"23":{"start":{"line":55,"column":4},"end":{"line":61,"column":11}},"24":{"start":{"line":56,"column":24},"end":{"line":59,"column":7}},"25":{"start":{"line":57,"column":8},"end":{"line":57,"column":34}},"26":{"start":{"line":58,"column":8},"end":{"line":58,"column":26}},"27":{"start":{"line":60,"column":6},"end":{"line":60,"column":18}},"28":{"start":{"line":63,"column":4},"end":{"line":75,"column":5}},"29":{"start":{"line":64,"column":6},"end":{"line":74,"column":8}},"30":{"start":{"line":77,"column":4},"end":{"line":77,"column":43}}},"fnMap":{"0":{"name":"(anonymous_0)","decl":{"start":{"line":11,"column":2},"end":{"line":11,"column":3}},"loc":{"start":{"line":11,"column":26},"end":{"line":13,"column":3}},"line":11},"1":{"name":"(anonymous_1)","decl":{"start":{"line":14,"column":2},"end":{"line":14,"column":3}},"loc":{"start":{"line":14,"column":23},"end":{"line":48,"column":3}},"line":14},"2":{"name":"withAuthLoading","decl":{"start":{"line":50,"column":16},"end":{"line":50,"column":31}},"loc":{"start":{"line":50,"column":50},"end":{"line":79,"column":1}},"line":50},"3":{"name":"AuthenticatedScreen","decl":{"start":{"line":51,"column":18},"end":{"line":51,"column":37}},"loc":{"start":{"line":51,"column":45},"end":{"line":78,"column":3}},"line":51},"4":{"name":"(anonymous_4)","decl":{"start":{"line":55,"column":14},"end":{"line":55,"column":15}},"loc":{"start":{"line":55,"column":20},"end":{"line":61,"column":5}},"line":55},"5":{"name":"(anonymous_5)","decl":{"start":{"line":56,"column":24},"end":{"line":56,"column":25}},"loc":{"start":{"line":56,"column":36},"end":{"line":59,"column":7}},"line":56}},"branchMap":{"0":{"loc":{"start":{"line":19,"column":6},"end":{"line":23,"column":7}},"type":"if","locations":[{"start":{"line":19,"column":6},"end":{"line":23,"column":7}},{"start":{},"end":{}}],"line":19},"1":{"loc":{"start":{"line":34,"column":6},"end":{"line":41,"column":7}},"type":"if","locations":[{"start":{"line":34,"column":6},"end":{"line":41,"column":7}},{"start":{"line":37,"column":13},"end":{"line":41,"column":7}}],"line":34},"2":{"loc":{"start":{"line":63,"column":4},"end":{"line":75,"column":5}},"type":"if","locations":[{"start":{"line":63,"column":4},"end":{"line":75,"column":5}},{"start":{},"end":{}}],"line":63},"3":{"loc":{"start":{"line":71,"column":49},"end":{"line":71,"column":76}},"type":"binary-expr","locations":[{"start":{"line":71,"column":49},"end":{"line":71,"column":63}},{"start":{"line":71,"column":67},"end":{"line":71,"column":76}}],"line":71}},"s":{"0":7,"1":7,"2":7,"3":7,"4":7,"5":1,"6":1,"7":0,"8":6,"9":6,"10":6,"11":0,"12":0,"13":0,"14":0,"15":0,"16":7,"17":7,"18":7,"19":0,"20":4,"21":3,"22":3,"23":3,"24":3,"25":3,"26":0,"27":3,"28":3,"29":3,"30":0},"f":{"0":7,"1":7,"2":4,"3":3,"4":3,"5":3},"b":{"0":[1,6],"1":[0,0],"2":[3,0],"3":[3,0]},"_coverageSchema":"1a1c01bbd47fc00a2c39e90264f33305004495a9","hash":"bdf79feaf602aa5628557cca62bcad3e22380273"}
,"C:\\Group20F25\\front-end-android-app\\src\\utils\\SanitizeInputs.js": {"path":"C:\\Group20F25\\front-end-android-app\\src\\utils\\SanitizeInputs.js","statementMap":{"0":{"start":{"line":1,"column":34},"end":{"line":3,"column":1}},"1":{"start":{"line":2,"column":2},"end":{"line":2,"column":66}},"2":{"start":{"line":5,"column":37},"end":{"line":7,"column":1}},"3":{"start":{"line":6,"column":2},"end":{"line":6,"column":64}},"4":{"start":{"line":9,"column":37},"end":{"line":11,"column":1}},"5":{"start":{"line":10,"column":2},"end":{"line":10,"column":95}}},"fnMap":{"0":{"name":"(anonymous_0)","decl":{"start":{"line":1,"column":34},"end":{"line":1,"column":35}},"loc":{"start":{"line":1,"column":45},"end":{"line":3,"column":1}},"line":1},"1":{"name":"(anonymous_1)","decl":{"start":{"line":5,"column":37},"end":{"line":5,"column":38}},"loc":{"start":{"line":5,"column":48},"end":{"line":7,"column":1}},"line":5},"2":{"name":"(anonymous_2)","decl":{"start":{"line":9,"column":37},"end":{"line":9,"column":38}},"loc":{"start":{"line":9,"column":48},"end":{"line":11,"column":1}},"line":9}},"branchMap":{},"s":{"0":2,"1":2,"2":2,"3":9,"4":2,"5":8},"f":{"0":2,"1":9,"2":8},"b":{},"_coverageSchema":"1a1c01bbd47fc00a2c39e90264f33305004495a9","hash":"3c70b49cd424483df2b9780ca2c95d11bcff4c14"}
,"C:\\Group20F25\\front-end-android-app\\src\\utils\\SessionManager.js": {"path":"C:\\Group20F25\\front-end-android-app\\src\\utils\\SessionManager.js","statementMap":{"0":{"start":{"line":6,"column":7},"end":{"line":6,"column":21}},"1":{"start":{"line":10,"column":6},"end":{"line":14,"column":7}},"2":{"start":{"line":11,"column":8},"end":{"line":11,"column":51}},"3":{"start":{"line":13,"column":8},"end":{"line":13,"column":57}},"4":{"start":{"line":19,"column":6},"end":{"line":25,"column":7}},"5":{"start":{"line":20,"column":29},"end":{"line":20,"column":65}},"6":{"start":{"line":21,"column":8},"end":{"line":21,"column":28}},"7":{"start":{"line":23,"column":8},"end":{"line":23,"column":61}},"8":{"start":{"line":24,"column":8},"end":{"line":24,"column":20}},"9":{"start":{"line":30,"column":6},"end":{"line":35,"column":7}},"10":{"start":{"line":31,"column":8},"end":{"line":31,"column":48}},"11":{"start":{"line":32,"column":8},"end":{"line":32,"column":50}},"12":{"start":{"line":34,"column":8},"end":{"line":34,"column":14}}},"fnMap":{"0":{"name":"(anonymous_0)","decl":{"start":{"line":5,"column":4},"end":{"line":5,"column":5}},"loc":{"start":{"line":5,"column":21},"end":{"line":7,"column":5}},"line":5},"1":{"name":"(anonymous_1)","decl":{"start":{"line":9,"column":4},"end":{"line":9,"column":5}},"loc":{"start":{"line":9,"column":25},"end":{"line":15,"column":5}},"line":9},"2":{"name":"(anonymous_2)","decl":{"start":{"line":18,"column":4},"end":{"line":18,"column":5}},"loc":{"start":{"line":18,"column":21},"end":{"line":26,"column":5}},"line":18},"3":{"name":"(anonymous_3)","decl":{"start":{"line":29,"column":4},"end":{"line":29,"column":5}},"loc":{"start":{"line":29,"column":23},"end":{"line":36,"column":5}},"line":29}},"branchMap":{},"s":{"0":22,"1":8,"2":8,"3":1,"4":15,"5":15,"6":13,"7":2,"8":2,"9":2,"10":2,"11":1,"12":1},"f":{"0":22,"1":8,"2":15,"3":2},"b":{},"_coverageSchema":"1a1c01bbd47fc00a2c39e90264f33305004495a9","hash":"4cfe58c0e62dc67a8588d5e985bc2d5083da706a"}
,"C:\\Group20F25\\front-end-android-app\\src\\utils\\fetchHelper.js": {"path":"C:\\Group20F25\\front-end-android-app\\src\\utils\\fetchHelper.js","statementMap":{"0":{"start":{"line":6,"column":37},"end":{"line":6,"column":79}},"1":{"start":{"line":7,"column":35},"end":{"line":7,"column":75}},"2":{"start":{"line":8,"column":8},"end":{"line":8,"column":41}},"3":{"start":{"line":9,"column":8},"end":{"line":9,"column":39}},"4":{"start":{"line":13,"column":37},"end":{"line":13,"column":79}},"5":{"start":{"line":14,"column":8},"end":{"line":14,"column":52}},"6":{"start":{"line":18,"column":35},"end":{"line":18,"column":75}},"7":{"start":{"line":19,"column":8},"end":{"line":19,"column":50}},"8":{"start":{"line":23,"column":8},"end":{"line":61,"column":9}},"9":{"start":{"line":24,"column":12},"end":{"line":24,"column":55}},"10":{"start":{"line":25,"column":30},"end":{"line":25,"column":34}},"11":{"start":{"line":26,"column":12},"end":{"line":29,"column":13}},"12":{"start":{"line":28,"column":16},"end":{"line":28,"column":51}},"13":{"start":{"line":32,"column":38},"end":{"line":32,"column":108}},"14":{"start":{"line":33,"column":36},"end":{"line":33,"column":98}},"15":{"start":{"line":34,"column":32},"end":{"line":34,"column":67}},"16":{"start":{"line":37,"column":39},"end":{"line":37,"column":79}},"17":{"start":{"line":38,"column":38},"end":{"line":38,"column":81}},"18":{"start":{"line":39,"column":12},"end":{"line":39,"column":87}},"19":{"start":{"line":42,"column":29},"end":{"line":46,"column":14}},"20":{"start":{"line":49,"column":34},"end":{"line":49,"column":50}},"21":{"start":{"line":50,"column":33},"end":{"line":50,"column":59}},"22":{"start":{"line":51,"column":33},"end":{"line":51,"column":97}},"23":{"start":{"line":53,"column":41},"end":{"line":53,"column":83}},"24":{"start":{"line":54,"column":40},"end":{"line":54,"column":85}},"25":{"start":{"line":55,"column":12},"end":{"line":55,"column":92}},"26":{"start":{"line":57,"column":12},"end":{"line":57,"column":28}},"27":{"start":{"line":60,"column":12},"end":{"line":60,"column":64}}},"fnMap":{"0":{"name":"(anonymous_0)","decl":{"start":{"line":5,"column":4},"end":{"line":5,"column":5}},"loc":{"start":{"line":5,"column":23},"end":{"line":10,"column":5}},"line":5},"1":{"name":"(anonymous_1)","decl":{"start":{"line":12,"column":4},"end":{"line":12,"column":5}},"loc":{"start":{"line":12,"column":37},"end":{"line":15,"column":5}},"line":12},"2":{"name":"(anonymous_2)","decl":{"start":{"line":17,"column":4},"end":{"line":17,"column":5}},"loc":{"start":{"line":17,"column":35},"end":{"line":20,"column":5}},"line":17},"3":{"name":"(anonymous_3)","decl":{"start":{"line":22,"column":4},"end":{"line":22,"column":5}},"loc":{"start":{"line":22,"column":70},"end":{"line":62,"column":5}},"line":22}},"branchMap":{"0":{"loc":{"start":{"line":22,"column":43},"end":{"line":22,"column":55}},"type":"default-arg","locations":[{"start":{"line":22,"column":53},"end":{"line":22,"column":55}}],"line":22},"1":{"loc":{"start":{"line":22,"column":57},"end":{"line":22,"column":68}},"type":"default-arg","locations":[{"start":{"line":22,"column":64},"end":{"line":22,"column":68}}],"line":22},"2":{"loc":{"start":{"line":26,"column":12},"end":{"line":29,"column":13}},"type":"if","locations":[{"start":{"line":26,"column":12},"end":{"line":29,"column":13}},{"start":{},"end":{}}],"line":26},"3":{"loc":{"start":{"line":32,"column":38},"end":{"line":32,"column":108}},"type":"cond-expr","locations":[{"start":{"line":32,"column":48},"end":{"line":32,"column":104}},{"start":{"line":32,"column":107},"end":{"line":32,"column":108}}],"line":32},"4":{"loc":{"start":{"line":33,"column":36},"end":{"line":33,"column":98}},"type":"cond-expr","locations":[{"start":{"line":33,"column":50},"end":{"line":33,"column":94}},{"start":{"line":33,"column":97},"end":{"line":33,"column":98}}],"line":33},"5":{"loc":{"start":{"line":51,"column":33},"end":{"line":51,"column":97}},"type":"cond-expr","locations":[{"start":{"line":51,"column":48},"end":{"line":51,"column":93}},{"start":{"line":51,"column":96},"end":{"line":51,"column":97}}],"line":51}},"s":{"0":0,"1":0,"2":0,"3":0,"4":0,"5":0,"6":0,"7":0,"8":12,"9":12,"10":12,"11":12,"12":4,"13":12,"14":12,"15":12,"16":12,"17":12,"18":12,"19":2,"20":2,"21":2,"22":2,"23":2,"24":2,"25":2,"26":2,"27":10},"f":{"0":0,"1":0,"2":0,"3":12},"b":{"0":[0],"1":[8],"2":[4,8],"3":[12,0],"4":[4,8],"5":[2,0]},"_coverageSchema":"1a1c01bbd47fc00a2c39e90264f33305004495a9","hash":"2e0473f7098d2cb3c6b086b47877c85e8a4bad91"}
,"C:\\Group20F25\\front-end-android-app\\src\\utils\\passwordHash.js": {"path":"C:\\Group20F25\\front-end-android-app\\src\\utils\\passwordHash.js","statementMap":{"0":{"start":{"line":1,"column":17},"end":{"line":1,"column":37}},"1":{"start":{"line":6,"column":4},"end":{"line":17,"column":5}},"2":{"start":{"line":7,"column":6},"end":{"line":9,"column":7}},"3":{"start":{"line":8,"column":8},"end":{"line":8,"column":44}},"4":{"start":{"line":12,"column":21},"end":{"line":12,"column":59}},"5":{"start":{"line":14,"column":6},"end":{"line":14,"column":20}},"6":{"start":{"line":16,"column":6},"end":{"line":16,"column":16}},"7":{"start":{"line":21,"column":0},"end":{"line":21,"column":30}}},"fnMap":{"0":{"name":"(anonymous_0)","decl":{"start":{"line":4,"column":2},"end":{"line":4,"column":3}},"loc":{"start":{"line":4,"column":35},"end":{"line":18,"column":3}},"line":4}},"branchMap":{"0":{"loc":{"start":{"line":7,"column":6},"end":{"line":9,"column":7}},"type":"if","locations":[{"start":{"line":7,"column":6},"end":{"line":9,"column":7}},{"start":{},"end":{}}],"line":7},"1":{"loc":{"start":{"line":7,"column":10},"end":{"line":7,"column":71}},"type":"binary-expr","locations":[{"start":{"line":7,"column":10},"end":{"line":7,"column":43}},{"start":{"line":7,"column":47},"end":{"line":7,"column":71}}],"line":7}},"s":{"0":2,"1":10,"2":10,"3":5,"4":5,"5":5,"6":5,"7":2},"f":{"0":10},"b":{"0":[5,5],"1":[10,7]},"_coverageSchema":"1a1c01bbd47fc00a2c39e90264f33305004495a9","hash":"411e9fa6ef23e5bc1252cc11608d2703e078dca5"}
,"C:\\Group20F25\\front-end-android-app\\src\\utils\\userSignout.js": {"path":"C:\\Group20F25\\front-end-android-app\\src\\utils\\userSignout.js","statementMap":{"0":{"start":{"line":9,"column":32},"end":{"line":9,"column":62}},"1":{"start":{"line":10,"column":29},"end":{"line":10,"column":60}},"2":{"start":{"line":14,"column":8},"end":{"line":14,"column":42}},"3":{"start":{"line":15,"column":8},"end":{"line":15,"column":33}},"4":{"start":{"line":17,"column":8},"end":{"line":17,"column":64}}},"fnMap":{"0":{"name":"(anonymous_0)","decl":{"start":{"line":4,"column":4},"end":{"line":4,"column":5}},"loc":{"start":{"line":4,"column":18},"end":{"line":6,"column":5}},"line":4},"1":{"name":"(anonymous_1)","decl":{"start":{"line":8,"column":4},"end":{"line":8,"column":5}},"loc":{"start":{"line":8,"column":40},"end":{"line":18,"column":5}},"line":8}},"branchMap":{},"s":{"0":8,"1":8,"2":8,"3":8,"4":8},"f":{"0":0,"1":8},"b":{},"_coverageSchema":"1a1c01bbd47fc00a2c39e90264f33305004495a9","hash":"537fae044926690220d8d5b3a2e23d8f8dd6f507"}
}
