{"C:\\Programming\\Group20F25\\front-end-android-app\\src\\utils\\passwordHash.js": {"path":"C:\\Programming\\Group20F25\\front-end-android-app\\src\\utils\\passwordHash.js","statementMap":{"0":{"start":{"line":1,"column":17},"end":{"line":1,"column":37}},"1":{"start":{"line":6,"column":4},"end":{"line":17,"column":5}},"2":{"start":{"line":7,"column":6},"end":{"line":9,"column":7}},"3":{"start":{"line":8,"column":8},"end":{"line":8,"column":44}},"4":{"start":{"line":12,"column":21},"end":{"line":12,"column":59}},"5":{"start":{"line":14,"column":6},"end":{"line":14,"column":20}},"6":{"start":{"line":16,"column":6},"end":{"line":16,"column":16}},"7":{"start":{"line":21,"column":0},"end":{"line":21,"column":30}}},"fnMap":{"0":{"name":"(anonymous_0)","decl":{"start":{"line":4,"column":2},"end":{"line":4,"column":3}},"loc":{"start":{"line":4,"column":35},"end":{"line":18,"column":3}},"line":4}},"branchMap":{"0":{"loc":{"start":{"line":7,"column":6},"end":{"line":9,"column":7}},"type":"if","locations":[{"start":{"line":7,"column":6},"end":{"line":9,"column":7}},{"start":{},"end":{}}],"line":7},"1":{"loc":{"start":{"line":7,"column":10},"end":{"line":7,"column":71}},"type":"binary-expr","locations":[{"start":{"line":7,"column":10},"end":{"line":7,"column":43}},{"start":{"line":7,"column":47},"end":{"line":7,"column":71}}],"line":7}},"s":{"0":1,"1":6,"2":6,"3":5,"4":1,"5":1,"6":5,"7":1},"f":{"0":6},"b":{"0":[5,1],"1":[6,3]},"_coverageSchema":"1a1c01bbd47fc00a2c39e90264f33305004495a9","hash":"c95a5a975d547df1af539029a9fffd46dfaf6083"}
}
