TN:
SF:src\screens\HomeScreen.js
FN:13,HomeScreen
FN:19,(anonymous_1)
FN:21,fetchUsername
FN:58,(anonymous_3)
FN:62,(anonymous_4)
FN:63,getUsageStats
FN:71,(anonymous_6)
FN:75,(anonymous_7)
FN:80,(anonymous_8)
FN:87,(anonymous_9)
FN:92,(anonymous_10)
FN:140,(anonymous_11)
FN:162,(anonymous_12)
FN:174,(anonymous_13)
FN:186,(anonymous_14)
FN:198,(anonymous_15)
FN:252,(anonymous_16)
FNF:17
FNH:4
FNDA:12,HomeScreen
FNDA:7,(anonymous_1)
FNDA:7,fetchUsername
FNDA:1,(anonymous_3)
FNDA:0,(anonymous_4)
FNDA:0,getUsageStats
FNDA:0,(anonymous_6)
FNDA:0,(anonymous_7)
FNDA:0,(anonymous_8)
FNDA:0,(anonymous_9)
FNDA:0,(anonymous_10)
FNDA:0,(anonymous_11)
FNDA:0,(anonymous_12)
FNDA:0,(anonymous_13)
FNDA:0,(anonymous_14)
FNDA:0,(anonymous_15)
FNDA:0,(anonymous_16)
DA:14,12
DA:15,12
DA:16,12
DA:17,12
DA:19,12
DA:23,7
DA:24,7
DA:26,7
DA:27,7
DA:28,5
DA:31,2
DA:32,2
DA:34,2
DA:39,2
DA:44,0
DA:45,0
DA:46,0
DA:47,0
DA:49,0
DA:54,7
DA:58,12
DA:59,1
DA:62,12
DA:64,0
DA:65,0
DA:67,0
DA:68,0
DA:71,12
DA:72,0
DA:75,12
DA:76,0
DA:77,0
DA:78,0
DA:80,12
DA:81,0
DA:87,0
DA:93,0
DA:94,0
DA:96,0
DA:101,0
DA:102,0
DA:111,12
DA:140,0
DA:162,0
DA:174,0
DA:186,0
DA:198,0
DA:252,0
LF:48
LH:22
BRDA:23,0,0,7
BRDA:23,0,1,0
BRDA:27,1,0,5
BRDA:27,1,1,2
BRDA:44,2,0,0
BRDA:44,2,1,0
BRDA:132,3,0,12
BRDA:132,3,1,2
BRDA:165,4,0,12
BRDA:165,4,1,2
BRDA:177,5,0,12
BRDA:177,5,1,2
BRDA:189,6,0,12
BRDA:189,6,1,2
BRDA:231,7,0,12
BRDA:231,7,1,10
BRDA:239,8,0,12
BRDA:239,8,1,2
BRDA:250,9,0,12
BRDA:250,9,1,2
BRF:20
BRH:17
end_of_record
TN:
SF:src\screens\SignInScreen.js
FN:20,SignInScreen
FN:27,(anonymous_1)
FN:36,(anonymous_2)
FN:52,(anonymous_3)
FN:71,(anonymous_4)
FN:90,(anonymous_5)
FN:106,(anonymous_6)
FN:120,(anonymous_7)
FNF:8
FNH:7
FNDA:36,SignInScreen
FNDA:12,(anonymous_1)
FNDA:7,(anonymous_2)
FNDA:7,(anonymous_3)
FNDA:0,(anonymous_4)
FNDA:2,(anonymous_5)
FNDA:7,(anonymous_6)
FNDA:6,(anonymous_7)
DA:21,36
DA:22,36
DA:23,36
DA:24,36
DA:25,36
DA:27,36
DA:28,12
DA:36,36
DA:37,7
DA:38,7
DA:39,1
DA:40,6
DA:41,1
DA:43,7
DA:44,1
DA:45,6
DA:46,1
DA:48,7
DA:49,7
DA:52,36
DA:53,7
DA:54,3
DA:57,4
DA:59,4
DA:60,4
DA:61,4
DA:65,4
DA:66,4
DA:71,4
DA:74,3
DA:75,2
DA:76,2
DA:77,2
DA:78,2
DA:80,1
DA:83,3
DA:84,3
DA:86,4
DA:90,36
DA:91,2
DA:94,36
DA:106,7
DA:120,6
LF:43
LH:43
BRDA:38,0,0,1
BRDA:38,0,1,6
BRDA:40,1,0,1
BRDA:40,1,1,5
BRDA:43,2,0,1
BRDA:43,2,1,6
BRDA:45,3,0,1
BRDA:45,3,1,5
BRDA:53,4,0,3
BRDA:53,4,1,4
BRDA:74,5,0,2
BRDA:74,5,1,1
BRDA:74,6,0,3
BRDA:74,6,1,2
BRDA:77,7,0,2
BRDA:77,7,1,1
BRDA:80,8,0,1
BRDA:80,8,1,0
BRDA:91,9,0,1
BRDA:91,9,1,1
BRDA:91,10,0,2
BRDA:91,10,1,2
BRDA:108,11,0,36
BRDA:108,11,1,2
BRDA:113,12,0,36
BRDA:113,12,1,2
BRDA:125,13,0,36
BRDA:125,13,1,2
BRDA:135,14,0,4
BRDA:135,14,1,32
BRF:30
BRH:29
end_of_record
TN:
SF:src\screens\globalScoreScreen.js
FN:8,GlobalScoreScreen
FN:16,(anonymous_1)
FN:17,(anonymous_2)
FN:61,(anonymous_3)
FN:62,(anonymous_4)
FN:95,(anonymous_5)
FN:101,(anonymous_6)
FN:130,(anonymous_7)
FN:131,(anonymous_8)
FN:147,(anonymous_9)
FN:153,(anonymous_10)
FNF:11
FNH:0
FNDA:0,GlobalScoreScreen
FNDA:0,(anonymous_1)
FNDA:0,(anonymous_2)
FNDA:0,(anonymous_3)
FNDA:0,(anonymous_4)
FNDA:0,(anonymous_5)
FNDA:0,(anonymous_6)
FNDA:0,(anonymous_7)
FNDA:0,(anonymous_8)
FNDA:0,(anonymous_9)
FNDA:0,(anonymous_10)
DA:9,0
DA:10,0
DA:11,0
DA:12,0
DA:13,0
DA:14,0
DA:16,0
DA:17,0
DA:18,0
DA:19,0
DA:20,0
DA:21,0
DA:26,0
DA:32,0
DA:33,0
DA:34,0
DA:35,0
DA:36,0
DA:38,0
DA:44,0
DA:45,0
DA:46,0
DA:49,0
DA:52,0
DA:54,0
DA:58,0
DA:61,0
DA:62,0
DA:63,0
DA:64,0
DA:65,0
DA:66,0
DA:71,0
DA:75,0
DA:81,0
DA:82,0
DA:83,0
DA:84,0
DA:85,0
DA:88,0
DA:92,0
DA:95,0
DA:96,0
DA:97,0
DA:98,0
DA:101,0
DA:103,0
DA:104,0
DA:112,0
DA:130,0
DA:132,0
DA:147,0
DA:153,0
LF:53
LH:0
BRDA:32,0,0,0
BRDA:32,0,1,0
BRDA:35,1,0,0
BRDA:35,1,1,0
BRDA:36,2,0,0
BRDA:36,2,1,0
BRDA:44,3,0,0
BRDA:44,3,1,0
BRDA:46,4,0,0
BRDA:46,4,1,0
BRDA:81,5,0,0
BRDA:81,5,1,0
BRDA:83,6,0,0
BRDA:83,6,1,0
BRDA:84,7,0,0
BRDA:84,7,1,0
BRDA:96,8,0,0
BRDA:96,8,1,0
BRDA:103,9,0,0
BRDA:103,9,1,0
BRDA:125,10,0,0
BRDA:125,10,1,0
BRF:22
BRH:0
end_of_record
TN:
SF:src\styles\GlobalStyles.js
FNF:0
FNH:0
DA:4,3
DA:13,3
DA:20,3
LF:3
LH:3
BRF:0
BRH:0
end_of_record
TN:
SF:src\utils\JourneyDataUploader.js
FN:5,uploadDriverScore
FNF:1
FNH:1
FNDA:5,uploadDriverScore
DA:6,5
DA:7,5
DA:8,5
DA:10,5
DA:11,1
DA:12,1
DA:16,4
DA:22,4
DA:27,4
DA:30,4
DA:37,4
DA:38,0
DA:41,0
DA:42,0
DA:44,0
DA:47,0
DA:48,0
DA:49,0
DA:51,0
DA:52,0
DA:55,4
DA:56,4
LF:22
LH:13
BRDA:10,0,0,1
BRDA:10,0,1,4
BRDA:47,1,0,0
BRDA:47,1,1,0
BRDA:48,2,0,0
BRDA:48,2,1,0
BRDA:51,3,0,0
BRDA:51,3,1,0
BRF:8
BRH:2
end_of_record
TN:
SF:src\utils\LoadingClass.js
FN:11,(anonymous_0)
FN:14,(anonymous_1)
FN:49,withAuthLoading
FN:50,AuthenticatedScreen
FN:54,(anonymous_4)
FN:55,(anonymous_5)
FNF:6
FNH:6
FNDA:7,(anonymous_0)
FNDA:7,(anonymous_1)
FNDA:4,withAuthLoading
FNDA:3,AuthenticatedScreen
FNDA:3,(anonymous_4)
FNDA:3,(anonymous_5)
DA:12,7
DA:15,7
DA:16,7
DA:17,7
DA:19,7
DA:20,1
DA:21,1
DA:22,0
DA:24,6
DA:28,6
DA:33,6
DA:34,0
DA:35,0
DA:37,0
DA:38,0
DA:39,0
DA:42,7
DA:43,7
DA:44,7
DA:45,0
DA:50,4
DA:51,3
DA:52,3
DA:54,3
DA:55,3
DA:56,3
DA:57,0
DA:59,3
DA:62,3
DA:63,3
DA:76,0
LF:31
LH:22
BRDA:19,0,0,1
BRDA:19,0,1,6
BRDA:33,1,0,0
BRDA:33,1,1,0
BRDA:62,2,0,3
BRDA:62,2,1,0
BRDA:70,3,0,3
BRDA:70,3,1,0
BRF:8
BRH:4
end_of_record
TN:
SF:src\utils\SanitizeInputs.js
FN:1,(anonymous_0)
FN:5,(anonymous_1)
FN:9,(anonymous_2)
FNF:3
FNH:3
FNDA:2,(anonymous_0)
FNDA:9,(anonymous_1)
FNDA:8,(anonymous_2)
DA:1,2
DA:2,2
DA:5,2
DA:6,9
DA:9,2
DA:10,8
LF:6
LH:6
BRF:0
BRH:0
end_of_record
TN:
SF:src\utils\SessionManager.js
FN:5,(anonymous_0)
FN:9,(anonymous_1)
FN:18,(anonymous_2)
FN:29,(anonymous_3)
FNF:4
FNH:4
FNDA:20,(anonymous_0)
FNDA:6,(anonymous_1)
FNDA:13,(anonymous_2)
FNDA:2,(anonymous_3)
DA:6,20
DA:10,6
DA:11,6
DA:13,1
DA:19,13
DA:20,13
DA:21,11
DA:23,2
DA:24,2
DA:30,2
DA:31,2
DA:32,1
DA:34,1
LF:13
LH:13
BRF:0
BRH:0
end_of_record
TN:
SF:src\utils\fetchHelper.js
FN:5,(anonymous_0)
FN:12,(anonymous_1)
FN:17,(anonymous_2)
FN:22,(anonymous_3)
FNF:4
FNH:1
FNDA:0,(anonymous_0)
FNDA:0,(anonymous_1)
FNDA:0,(anonymous_2)
FNDA:12,(anonymous_3)
DA:6,0
DA:7,0
DA:8,0
DA:9,0
DA:13,0
DA:14,0
DA:18,0
DA:19,0
DA:23,12
DA:24,12
DA:25,12
DA:27,4
DA:31,12
DA:32,12
DA:33,12
DA:36,12
DA:37,12
DA:38,12
DA:41,2
DA:48,0
DA:49,0
DA:50,0
DA:52,0
DA:53,0
DA:54,0
DA:56,0
DA:59,10
LF:27
LH:12
BRDA:22,0,0,0
BRDA:22,1,0,8
BRDA:25,2,0,4
BRDA:25,2,1,8
BRDA:31,3,0,12
BRDA:31,3,1,0
BRDA:32,4,0,4
BRDA:32,4,1,8
BRDA:50,5,0,0
BRDA:50,5,1,0
BRF:10
BRH:6
end_of_record
TN:
SF:src\utils\passwordHash.js
FN:4,(anonymous_0)
FNF:1
FNH:1
FNDA:10,(anonymous_0)
DA:1,2
DA:6,10
DA:7,10
DA:8,5
DA:12,5
DA:14,5
DA:16,5
DA:21,2
LF:8
LH:8
BRDA:7,0,0,5
BRDA:7,0,1,5
BRDA:7,1,0,10
BRDA:7,1,1,7
BRF:4
BRH:4
end_of_record
TN:
SF:src\utils\userSignout.js
FN:4,(anonymous_0)
FN:8,(anonymous_1)
FNF:2
FNH:1
FNDA:0,(anonymous_0)
FNDA:8,(anonymous_1)
DA:9,8
DA:10,8
DA:14,8
DA:15,8
DA:17,8
LF:5
LH:5
BRF:0
BRH:0
end_of_record
