TN:
SF:src\screens\SignInScreen.js
FN:14,SignInScreen
FN:20,(anonymous_1)
FN:29,(anonymous_2)
FN:45,(anonymous_3)
FNF:4
FNH:4
FNDA:12,SignInScreen
FNDA:5,(anonymous_1)
FNDA:3,(anonymous_2)
FNDA:3,(anonymous_3)
DA:15,12
DA:16,12
DA:17,12
DA:18,12
DA:20,12
DA:21,5
DA:29,12
DA:30,3
DA:31,3
DA:32,1
DA:33,2
DA:34,0
DA:36,3
DA:37,1
DA:38,2
DA:39,0
DA:41,3
DA:42,3
DA:45,12
DA:46,3
DA:47,1
DA:49,2
DA:50,2
DA:55,2
DA:56,2
DA:59,2
DA:60,1
DA:62,1
DA:65,0
DA:66,0
DA:70,12
LF:31
LH:27
BRDA:31,0,0,1
BRDA:31,0,1,2
BRDA:33,1,0,0
BRDA:33,1,1,2
BRDA:36,2,0,1
BRDA:36,2,1,2
BRDA:38,3,0,0
BRDA:38,3,1,2
BRDA:46,4,0,1
BRDA:46,4,1,2
BRDA:59,5,0,1
BRDA:59,5,1,1
BRDA:60,6,0,1
BRDA:60,6,1,0
BRDA:62,7,0,1
BRDA:62,7,1,0
BRDA:72,8,0,12
BRDA:72,8,1,0
BRDA:89,9,0,12
BRDA:89,9,1,1
BRDA:93,10,0,12
BRDA:93,10,1,1
BRDA:103,11,0,12
BRDA:103,11,1,1
BRDA:107,12,0,12
BRDA:107,12,1,1
BRF:26
BRH:21
end_of_record
TN:
SF:src\styles\GlobalStyles.js
FNF:0
FNH:0
DA:4,1
DA:13,1
DA:20,1
LF:3
LH:3
BRF:0
BRH:0
end_of_record
TN:
SF:src\utils\passwordHash.js
FN:4,(anonymous_0)
FNF:1
FNH:1
FNDA:6,(anonymous_0)
DA:1,1
DA:6,6
DA:7,6
DA:8,5
DA:12,1
DA:14,1
DA:16,5
DA:21,1
LF:8
LH:8
BRDA:7,0,0,5
BRDA:7,0,1,1
BRDA:7,1,0,6
BRDA:7,1,1,3
BRF:4
BRH:4
end_of_record
