<?xml version="1.0" encoding="UTF-8"?>
<coverage generated="1761674710906" clover="3.2.0">
  <project timestamp="1761674710906" name="All files">
    <metrics statements="24" coveredstatements="24" conditionals="9" coveredconditionals="6" methods="8" coveredmethods="8" elements="41" coveredelements="38" complexity="0" loc="24" ncloc="24" packages="2" files="2" classes="2"/>
    <package name="models">
      <metrics statements="19" coveredstatements="19" conditionals="9" coveredconditionals="6" methods="7" coveredmethods="7"/>
      <file name="db.js" path="D:\Programming\Group20F25\back-end-api\models\db.js">
        <metrics statements="19" coveredstatements="19" conditionals="9" coveredconditionals="6" methods="7" coveredmethods="7"/>
        <line num="1" count="1" type="stmt"/>
        <line num="2" count="1" type="stmt"/>
        <line num="6" count="4" type="stmt"/>
        <line num="7" count="4" type="stmt"/>
        <line num="11" count="3" type="stmt"/>
        <line num="12" count="3" type="stmt"/>
        <line num="20" count="3" type="stmt"/>
        <line num="21" count="3" type="stmt"/>
        <line num="22" count="3" type="cond" truecount="2" falsecount="0"/>
        <line num="23" count="1" type="stmt"/>
        <line num="24" count="1" type="stmt"/>
        <line num="26" count="2" type="stmt"/>
        <line num="32" count="3" type="stmt"/>
        <line num="33" count="3" type="cond" truecount="2" falsecount="0"/>
        <line num="34" count="2" type="stmt"/>
        <line num="35" count="2" type="cond" truecount="1" falsecount="1"/>
        <line num="36" count="2" type="stmt"/>
        <line num="39" count="1" type="stmt"/>
        <line num="46" count="1" type="stmt"/>
      </file>
    </package>
    <package name="routes">
      <metrics statements="5" coveredstatements="5" conditionals="0" coveredconditionals="0" methods="1" coveredmethods="1"/>
      <file name="assurance.js" path="D:\Programming\Group20F25\back-end-api\routes\assurance.js">
        <metrics statements="5" coveredstatements="5" conditionals="0" coveredconditionals="0" methods="1" coveredmethods="1"/>
        <line num="1" count="1" type="stmt"/>
        <line num="2" count="1" type="stmt"/>
        <line num="4" count="1" type="stmt"/>
        <line num="5" count="1" type="stmt"/>
        <line num="9" count="1" type="stmt"/>
      </file>
    </package>
  </project>
</coverage>
