{"C:\\Users\\umuli\\Documents\\GitHub\\Android_GPS_Tracker\\back-end-api\\controllers\\user.js": {"path":"C:\\Users\\umuli\\Documents\\GitHub\\Android_GPS_Tracker\\back-end-api\\controllers\\user.js","statementMap":{"0":{"start":{"line":1,"column":15},"end":{"line":1,"column":38}},"1":{"start":{"line":2,"column":16},"end":{"line":2,"column":44}},"2":{"start":{"line":6,"column":8},"end":{"line":6,"column":39}},"3":{"start":{"line":10,"column":8},"end":{"line":29,"column":9}},"4":{"start":{"line":11,"column":12},"end":{"line":11,"column":35}},"5":{"start":{"line":12,"column":26},"end":{"line":12,"column":110}},"6":{"start":{"line":13,"column":27},"end":{"line":13,"column":73}},"7":{"start":{"line":14,"column":12},"end":{"line":17,"column":15}},"8":{"start":{"line":15,"column":16},"end":{"line":16,"column":17}},"9":{"start":{"line":15,"column":52},"end":{"line":15,"column":117}},"10":{"start":{"line":19,"column":12},"end":{"line":19,"column":52}},"11":{"start":{"line":20,"column":12},"end":{"line":20,"column":33}},"12":{"start":{"line":21,"column":12},"end":{"line":21,"column":74}},"13":{"start":{"line":24,"column":12},"end":{"line":28,"column":13}},"14":{"start":{"line":25,"column":16},"end":{"line":25,"column":24}},"15":{"start":{"line":27,"column":16},"end":{"line":27,"column":77}},"16":{"start":{"line":33,"column":0},"end":{"line":33,"column":21}}},"fnMap":{"0":{"name":"(anonymous_0)","decl":{"start":{"line":5,"column":4},"end":{"line":5,"column":5}},"loc":{"start":{"line":5,"column":33},"end":{"line":7,"column":5}},"line":5},"1":{"name":"(anonymous_1)","decl":{"start":{"line":9,"column":4},"end":{"line":9,"column":5}},"loc":{"start":{"line":9,"column":27},"end":{"line":30,"column":5}},"line":9},"2":{"name":"(anonymous_2)","decl":{"start":{"line":14,"column":27},"end":{"line":14,"column":28}},"loc":{"start":{"line":14,"column":38},"end":{"line":17,"column":13}},"line":14}},"branchMap":{"0":{"loc":{"start":{"line":5,"column":16},"end":{"line":5,"column":31}},"type":"default-arg","locations":[{"start":{"line":5,"column":26},"end":{"line":5,"column":31}}],"line":5},"1":{"loc":{"start":{"line":15,"column":16},"end":{"line":16,"column":17}},"type":"if","locations":[{"start":{"line":15,"column":16},"end":{"line":16,"column":17}},{"start":{},"end":{}}],"line":15},"2":{"loc":{"start":{"line":24,"column":12},"end":{"line":28,"column":13}},"type":"if","locations":[{"start":{"line":24,"column":12},"end":{"line":28,"column":13}},{"start":{"line":26,"column":19},"end":{"line":28,"column":13}}],"line":24}},"s":{"0":2,"1":2,"2":2,"3":0,"4":0,"5":0,"6":0,"7":0,"8":0,"9":0,"10":0,"11":0,"12":0,"13":0,"14":0,"15":0,"16":2},"f":{"0":2,"1":0,"2":0},"b":{"0":[0],"1":[0,0],"2":[0,0]},"_coverageSchema":"1a1c01bbd47fc00a2c39e90264f33305004495a9","hash":"b77a9fec30421728381bbe4abbe70668f737d39a"}
,"C:\\Users\\umuli\\Documents\\GitHub\\Android_GPS_Tracker\\back-end-api\\models\\db.js": {"path":"C:\\Users\\umuli\\Documents\\GitHub\\Android_GPS_Tracker\\back-end-api\\models\\db.js","statementMap":{"0":{"start":{"line":1,"column":12},"end":{"line":1,"column":28}},"1":{"start":{"line":2,"column":18},"end":{"line":2,"column":48}},"2":{"start":{"line":3,"column":0},"end":{"line":3,"column":42}},"3":{"start":{"line":7,"column":4},"end":{"line":7,"column":27}},"4":{"start":{"line":8,"column":4},"end":{"line":8,"column":27}},"5":{"start":{"line":9,"column":4},"end":{"line":9,"column":29}},"6":{"start":{"line":13,"column":4},"end":{"line":13,"column":39}},"7":{"start":{"line":17,"column":18},"end":{"line":17,"column":34}},"8":{"start":{"line":18,"column":4},"end":{"line":24,"column":7}},"9":{"start":{"line":26,"column":4},"end":{"line":34,"column":7}},"10":{"start":{"line":27,"column":6},"end":{"line":33,"column":9}},"11":{"start":{"line":28,"column":8},"end":{"line":31,"column":9}},"12":{"start":{"line":29,"column":10},"end":{"line":29,"column":33}},"13":{"start":{"line":30,"column":10},"end":{"line":30,"column":29}},"14":{"start":{"line":32,"column":8},"end":{"line":32,"column":18}},"15":{"start":{"line":38,"column":4},"end":{"line":47,"column":7}},"16":{"start":{"line":39,"column":6},"end":{"line":46,"column":7}},"17":{"start":{"line":40,"column":8},"end":{"line":43,"column":11}},"18":{"start":{"line":41,"column":10},"end":{"line":41,"column":38}},"19":{"start":{"line":41,"column":19},"end":{"line":41,"column":38}},"20":{"start":{"line":42,"column":10},"end":{"line":42,"column":20}},"21":{"start":{"line":45,"column":8},"end":{"line":45,"column":18}},"22":{"start":{"line":51,"column":4},"end":{"line":56,"column":7}},"23":{"start":{"line":52,"column":6},"end":{"line":55,"column":9}},"24":{"start":{"line":53,"column":8},"end":{"line":53,"column":36}},"25":{"start":{"line":53,"column":17},"end":{"line":53,"column":36}},"26":{"start":{"line":54,"column":8},"end":{"line":54,"column":25}},"27":{"start":{"line":60,"column":4},"end":{"line":65,"column":7}},"28":{"start":{"line":61,"column":6},"end":{"line":64,"column":9}},"29":{"start":{"line":62,"column":8},"end":{"line":62,"column":36}},"30":{"start":{"line":62,"column":17},"end":{"line":62,"column":36}},"31":{"start":{"line":63,"column":8},"end":{"line":63,"column":25}},"32":{"start":{"line":70,"column":4},"end":{"line":70,"column":60}},"33":{"start":{"line":72,"column":4},"end":{"line":80,"column":6}},"34":{"start":{"line":73,"column":6},"end":{"line":79,"column":8}},"35":{"start":{"line":74,"column":8},"end":{"line":74,"column":102}},"36":{"start":{"line":74,"column":17},"end":{"line":74,"column":102}},"37":{"start":{"line":77,"column":8},"end":{"line":77,"column":120}},"38":{"start":{"line":77,"column":59},"end":{"line":77,"column":120}},"39":{"start":{"line":78,"column":8},"end":{"line":78,"column":24}},"40":{"start":{"line":85,"column":4},"end":{"line":85,"column":60}},"41":{"start":{"line":87,"column":4},"end":{"line":93,"column":6}},"42":{"start":{"line":88,"column":6},"end":{"line":92,"column":8}},"43":{"start":{"line":89,"column":8},"end":{"line":89,"column":102}},"44":{"start":{"line":89,"column":17},"end":{"line":89,"column":102}},"45":{"start":{"line":90,"column":8},"end":{"line":90,"column":96}},"46":{"start":{"line":90,"column":34},"end":{"line":90,"column":96}},"47":{"start":{"line":91,"column":8},"end":{"line":91,"column":24}},"48":{"start":{"line":98,"column":0},"end":{"line":98,"column":26}}},"fnMap":{"0":{"name":"(anonymous_0)","decl":{"start":{"line":6,"column":2},"end":{"line":6,"column":3}},"loc":{"start":{"line":6,"column":31},"end":{"line":14,"column":3}},"line":6},"1":{"name":"(anonymous_1)","decl":{"start":{"line":16,"column":2},"end":{"line":16,"column":3}},"loc":{"start":{"line":16,"column":18},"end":{"line":35,"column":3}},"line":16},"2":{"name":"(anonymous_2)","decl":{"start":{"line":26,"column":23},"end":{"line":26,"column":24}},"loc":{"start":{"line":26,"column":44},"end":{"line":34,"column":5}},"line":26},"3":{"name":"(anonymous_3)","decl":{"start":{"line":27,"column":30},"end":{"line":27,"column":31}},"loc":{"start":{"line":27,"column":39},"end":{"line":33,"column":7}},"line":27},"4":{"name":"(anonymous_4)","decl":{"start":{"line":37,"column":2},"end":{"line":37,"column":3}},"loc":{"start":{"line":37,"column":10},"end":{"line":48,"column":3}},"line":37},"5":{"name":"(anonymous_5)","decl":{"start":{"line":38,"column":23},"end":{"line":38,"column":24}},"loc":{"start":{"line":38,"column":44},"end":{"line":47,"column":5}},"line":38},"6":{"name":"(anonymous_6)","decl":{"start":{"line":40,"column":28},"end":{"line":40,"column":29}},"loc":{"start":{"line":40,"column":37},"end":{"line":43,"column":9}},"line":40},"7":{"name":"(anonymous_7)","decl":{"start":{"line":50,"column":2},"end":{"line":50,"column":3}},"loc":{"start":{"line":50,"column":20},"end":{"line":57,"column":3}},"line":50},"8":{"name":"(anonymous_8)","decl":{"start":{"line":51,"column":23},"end":{"line":51,"column":24}},"loc":{"start":{"line":51,"column":44},"end":{"line":56,"column":5}},"line":51},"9":{"name":"(anonymous_9)","decl":{"start":{"line":52,"column":56},"end":{"line":52,"column":57}},"loc":{"start":{"line":52,"column":74},"end":{"line":55,"column":7}},"line":52},"10":{"name":"(anonymous_10)","decl":{"start":{"line":59,"column":2},"end":{"line":59,"column":3}},"loc":{"start":{"line":59,"column":21},"end":{"line":66,"column":3}},"line":59},"11":{"name":"(anonymous_11)","decl":{"start":{"line":60,"column":23},"end":{"line":60,"column":24}},"loc":{"start":{"line":60,"column":44},"end":{"line":65,"column":5}},"line":60},"12":{"name":"(anonymous_12)","decl":{"start":{"line":61,"column":56},"end":{"line":61,"column":57}},"loc":{"start":{"line":61,"column":74},"end":{"line":64,"column":7}},"line":61},"13":{"name":"(anonymous_13)","decl":{"start":{"line":69,"column":2},"end":{"line":69,"column":3}},"loc":{"start":{"line":69,"column":58},"end":{"line":81,"column":3}},"line":69},"14":{"name":"(anonymous_14)","decl":{"start":{"line":72,"column":23},"end":{"line":72,"column":24}},"loc":{"start":{"line":72,"column":44},"end":{"line":80,"column":5}},"line":72},"15":{"name":"(anonymous_15)","decl":{"start":{"line":73,"column":43},"end":{"line":73,"column":44}},"loc":{"start":{"line":73,"column":61},"end":{"line":79,"column":7}},"line":73},"16":{"name":"(anonymous_16)","decl":{"start":{"line":84,"column":2},"end":{"line":84,"column":3}},"loc":{"start":{"line":84,"column":33},"end":{"line":94,"column":3}},"line":84},"17":{"name":"(anonymous_17)","decl":{"start":{"line":87,"column":23},"end":{"line":87,"column":24}},"loc":{"start":{"line":87,"column":44},"end":{"line":93,"column":5}},"line":87},"18":{"name":"(anonymous_18)","decl":{"start":{"line":88,"column":43},"end":{"line":88,"column":44}},"loc":{"start":{"line":88,"column":61},"end":{"line":92,"column":7}},"line":88}},"branchMap":{"0":{"loc":{"start":{"line":6,"column":14},"end":{"line":6,"column":29}},"type":"default-arg","locations":[{"start":{"line":6,"column":24},"end":{"line":6,"column":29}}],"line":6},"1":{"loc":{"start":{"line":23,"column":16},"end":{"line":23,"column":77}},"type":"cond-expr","locations":[{"start":{"line":23,"column":31},"end":{"line":23,"column":55}},{"start":{"line":23,"column":58},"end":{"line":23,"column":77}}],"line":23},"2":{"loc":{"start":{"line":28,"column":8},"end":{"line":31,"column":9}},"type":"if","locations":[{"start":{"line":28,"column":8},"end":{"line":31,"column":9}},{"start":{},"end":{}}],"line":28},"3":{"loc":{"start":{"line":39,"column":6},"end":{"line":46,"column":7}},"type":"if","locations":[{"start":{"line":39,"column":6},"end":{"line":46,"column":7}},{"start":{"line":44,"column":13},"end":{"line":46,"column":7}}],"line":39},"4":{"loc":{"start":{"line":41,"column":10},"end":{"line":41,"column":38}},"type":"if","locations":[{"start":{"line":41,"column":10},"end":{"line":41,"column":38}},{"start":{},"end":{}}],"line":41},"5":{"loc":{"start":{"line":53,"column":8},"end":{"line":53,"column":36}},"type":"if","locations":[{"start":{"line":53,"column":8},"end":{"line":53,"column":36}},{"start":{},"end":{}}],"line":53},"6":{"loc":{"start":{"line":62,"column":8},"end":{"line":62,"column":36}},"type":"if","locations":[{"start":{"line":62,"column":8},"end":{"line":62,"column":36}},{"start":{},"end":{}}],"line":62},"7":{"loc":{"start":{"line":69,"column":35},"end":{"line":69,"column":57}},"type":"default-arg","locations":[{"start":{"line":69,"column":52},"end":{"line":69,"column":57}}],"line":69},"8":{"loc":{"start":{"line":74,"column":8},"end":{"line":74,"column":102}},"type":"if","locations":[{"start":{"line":74,"column":8},"end":{"line":74,"column":102}},{"start":{},"end":{}}],"line":74},"9":{"loc":{"start":{"line":77,"column":8},"end":{"line":77,"column":120}},"type":"if","locations":[{"start":{"line":77,"column":8},"end":{"line":77,"column":120}},{"start":{},"end":{}}],"line":77},"10":{"loc":{"start":{"line":77,"column":12},"end":{"line":77,"column":57}},"type":"binary-expr","locations":[{"start":{"line":77,"column":12},"end":{"line":77,"column":38}},{"start":{"line":77,"column":42},"end":{"line":77,"column":57}}],"line":77},"11":{"loc":{"start":{"line":89,"column":8},"end":{"line":89,"column":102}},"type":"if","locations":[{"start":{"line":89,"column":8},"end":{"line":89,"column":102}},{"start":{},"end":{}}],"line":89},"12":{"loc":{"start":{"line":90,"column":8},"end":{"line":90,"column":96}},"type":"if","locations":[{"start":{"line":90,"column":8},"end":{"line":90,"column":96}},{"start":{},"end":{}}],"line":90}},"s":{"0":3,"1":3,"2":3,"3":15,"4":15,"5":15,"6":15,"7":12,"8":12,"9":12,"10":12,"11":12,"12":12,"13":12,"14":0,"15":3,"16":3,"17":0,"18":0,"19":0,"20":0,"21":3,"22":5,"23":5,"24":0,"25":0,"26":0,"27":0,"28":0,"29":0,"30":0,"31":0,"32":0,"33":0,"34":0,"35":0,"36":0,"37":0,"38":0,"39":0,"40":0,"41":0,"42":0,"43":0,"44":0,"45":0,"46":0,"47":0,"48":3},"f":{"0":15,"1":12,"2":12,"3":12,"4":3,"5":3,"6":0,"7":5,"8":5,"9":0,"10":0,"11":0,"12":0,"13":0,"14":0,"15":0,"16":0,"17":0,"18":0},"b":{"0":[4],"1":[8,4],"2":[12,0],"3":[0,3],"4":[0,0],"5":[0,0],"6":[0,0],"7":[0],"8":[0,0],"9":[0,0],"10":[0,0],"11":[0,0],"12":[0,0]},"_coverageSchema":"1a1c01bbd47fc00a2c39e90264f33305004495a9","hash":"12f94e031397f528b36bcd6edd89109e7c660973"}
,"C:\\Users\\umuli\\Documents\\GitHub\\Android_GPS_Tracker\\back-end-api\\routes\\assurance.js": {"path":"C:\\Users\\umuli\\Documents\\GitHub\\Android_GPS_Tracker\\back-end-api\\routes\\assurance.js","statementMap":{"0":{"start":{"line":1,"column":16},"end":{"line":1,"column":34}},"1":{"start":{"line":2,"column":15},"end":{"line":2,"column":31}},"2":{"start":{"line":4,"column":0},"end":{"line":6,"column":2}},"3":{"start":{"line":5,"column":4},"end":{"line":5,"column":39}},"4":{"start":{"line":9,"column":0},"end":{"line":9,"column":24}}},"fnMap":{"0":{"name":"(anonymous_0)","decl":{"start":{"line":4,"column":16},"end":{"line":4,"column":17}},"loc":{"start":{"line":4,"column":30},"end":{"line":6,"column":1}},"line":4}},"branchMap":{},"s":{"0":4,"1":4,"2":4,"3":1,"4":4},"f":{"0":1},"b":{},"_coverageSchema":"1a1c01bbd47fc00a2c39e90264f33305004495a9","hash":"ccb0fbd9a921ec1f57c25cc6c32347cee4e11f9a"}
,"C:\\Users\\umuli\\Documents\\GitHub\\Android_GPS_Tracker\\back-end-api\\routes\\user.js": {"path":"C:\\Users\\umuli\\Documents\\GitHub\\Android_GPS_Tracker\\back-end-api\\routes\\user.js","statementMap":{"0":{"start":{"line":1,"column":16},"end":{"line":1,"column":34}},"1":{"start":{"line":2,"column":13},"end":{"line":2,"column":43}},"2":{"start":{"line":3,"column":18},"end":{"line":3,"column":46}},"3":{"start":{"line":4,"column":15},"end":{"line":4,"column":31}},"4":{"start":{"line":7,"column":0},"end":{"line":15,"column":2}},"5":{"start":{"line":9,"column":4},"end":{"line":9,"column":19}},"6":{"start":{"line":10,"column":4},"end":{"line":10,"column":67}},"7":{"start":{"line":10,"column":19},"end":{"line":10,"column":66}},"8":{"start":{"line":11,"column":4},"end":{"line":11,"column":63}},"9":{"start":{"line":11,"column":18},"end":{"line":11,"column":62}},"10":{"start":{"line":12,"column":18},"end":{"line":12,"column":35}},"11":{"start":{"line":13,"column":17},"end":{"line":13,"column":51}},"12":{"start":{"line":14,"column":4},"end":{"line":14,"column":46}},"13":{"start":{"line":18,"column":0},"end":{"line":18,"column":24}}},"fnMap":{"0":{"name":"(anonymous_0)","decl":{"start":{"line":7,"column":16},"end":{"line":7,"column":17}},"loc":{"start":{"line":7,"column":36},"end":{"line":15,"column":1}},"line":7}},"branchMap":{"0":{"loc":{"start":{"line":10,"column":4},"end":{"line":10,"column":67}},"type":"if","locations":[{"start":{"line":10,"column":4},"end":{"line":10,"column":67}},{"start":{},"end":{}}],"line":10},"1":{"loc":{"start":{"line":11,"column":4},"end":{"line":11,"column":63}},"type":"if","locations":[{"start":{"line":11,"column":4},"end":{"line":11,"column":63}},{"start":{},"end":{}}],"line":11}},"s":{"0":1,"1":1,"2":1,"3":1,"4":1,"5":0,"6":0,"7":0,"8":0,"9":0,"10":0,"11":0,"12":0,"13":1},"f":{"0":0},"b":{"0":[0,0],"1":[0,0]},"_coverageSchema":"1a1c01bbd47fc00a2c39e90264f33305004495a9","hash":"3f7e51adddee5290914d89dbaca88b84ff2cdd91"}
,"C:\\Users\\umuli\\Documents\\GitHub\\Android_GPS_Tracker\\back-end-api\\utils\\dataType.js": {"path":"C:\\Users\\umuli\\Documents\\GitHub\\Android_GPS_Tracker\\back-end-api\\utils\\dataType.js","statementMap":{"0":{"start":{"line":5,"column":8},"end":{"line":9,"column":9}},"1":{"start":{"line":6,"column":12},"end":{"line":6,"column":46}},"2":{"start":{"line":8,"column":12},"end":{"line":8,"column":24}},"3":{"start":{"line":13,"column":8},"end":{"line":17,"column":9}},"4":{"start":{"line":14,"column":12},"end":{"line":14,"column":32}},"5":{"start":{"line":16,"column":12},"end":{"line":16,"column":24}},"6":{"start":{"line":21,"column":0},"end":{"line":21,"column":26}}},"fnMap":{"0":{"name":"(anonymous_0)","decl":{"start":{"line":2,"column":4},"end":{"line":2,"column":5}},"loc":{"start":{"line":2,"column":17},"end":{"line":2,"column":19}},"line":2},"1":{"name":"(anonymous_1)","decl":{"start":{"line":4,"column":4},"end":{"line":4,"column":5}},"loc":{"start":{"line":4,"column":24},"end":{"line":10,"column":5}},"line":4},"2":{"name":"(anonymous_2)","decl":{"start":{"line":12,"column":4},"end":{"line":12,"column":5}},"loc":{"start":{"line":12,"column":27},"end":{"line":18,"column":5}},"line":12}},"branchMap":{},"s":{"0":7,"1":7,"2":1,"3":6,"4":6,"5":0,"6":3},"f":{"0":0,"1":7,"2":6},"b":{},"_coverageSchema":"1a1c01bbd47fc00a2c39e90264f33305004495a9","hash":"e8a73f0c590e9da292e053509256bdf9fd37ce5a"}
}
