TN:
SF:models\db.js
FN:5,(anonymous_0)
FN:10,(anonymous_1)
FN:20,(anonymous_2)
FN:21,(anonymous_3)
FN:31,(anonymous_4)
FN:32,(anonymous_5)
FN:34,(anonymous_6)
FNF:7
FNH:7
FNDA:4,(anonymous_0)
FNDA:3,(anonymous_1)
FNDA:3,(anonymous_2)
FNDA:3,(anonymous_3)
FNDA:3,(anonymous_4)
FNDA:3,(anonymous_5)
FNDA:2,(anonymous_6)
DA:1,1
DA:2,1
DA:6,4
DA:7,4
DA:11,3
DA:12,3
DA:20,3
DA:21,3
DA:22,3
DA:23,1
DA:24,1
DA:26,2
DA:32,3
DA:33,3
DA:34,2
DA:35,2
DA:36,2
DA:39,1
DA:46,1
LF:19
LH:19
BRDA:5,0,0,0
BRDA:17,1,0,3
BRDA:17,1,1,0
BRDA:22,2,0,1
BRDA:22,2,1,2
BRDA:33,3,0,2
BRDA:33,3,1,1
BRDA:35,4,0,0
BRDA:35,4,1,2
BRF:9
BRH:6
end_of_record
TN:
SF:routes\assurance.js
FN:4,(anonymous_0)
FNF:1
FNH:1
FNDA:1,(anonymous_0)
DA:1,1
DA:2,1
DA:4,1
DA:5,1
DA:9,1
LF:5
LH:5
BRF:0
BRH:0
end_of_record
